<?xml version="1.0" encoding="UTF-8"?>
<robot generator="Robot 6.1.1 (Python 3.12.3 on linux)" generated="20241118 23:31:27.030" rpa="false" schemaversion="4">
<suite id="s1" name="Tests" source="/home/juha/ohtu2024/viikko3/web-login/src/tests">
<suite id="s1-s1" name="Home" source="/home/juha/ohtu2024/viikko3/web-login/src/tests/home.robot">
<kw name="Open And Configure Browser" library="resource" type="SETUP">
<if>
<branch type="IF" condition="$BROWSER == 'chrome'">
<kw name="Evaluate" library="BuiltIn">
<var>${options}</var>
<arg>sys.modules['selenium.webdriver'].ChromeOptions()</arg>
<arg>sys</arg>
<doc>Evaluates the given expression in Python and returns the result.</doc>
<msg timestamp="20241118 23:31:27.153" level="INFO">${options} = &lt;selenium.webdriver.chrome.options.Options object at 0x75be0c420110&gt;</msg>
<status status="PASS" starttime="20241118 23:31:27.152" endtime="20241118 23:31:27.153"/>
</kw>
<status status="PASS" starttime="20241118 23:31:27.152" endtime="20241118 23:31:27.153"/>
</branch>
<branch type="ELSE IF" condition="$BROWSER == 'firefox'">
<kw name="Evaluate" library="BuiltIn">
<var>${options}</var>
<arg>sys.modules['selenium.webdriver'].FirefoxOptions()</arg>
<arg>sys</arg>
<doc>Evaluates the given expression in Python and returns the result.</doc>
<status status="NOT RUN" starttime="20241118 23:31:27.153" endtime="20241118 23:31:27.153"/>
</kw>
<status status="NOT RUN" starttime="20241118 23:31:27.153" endtime="20241118 23:31:27.153"/>
</branch>
<status status="PASS" starttime="20241118 23:31:27.152" endtime="20241118 23:31:27.153"/>
</if>
<if>
<branch type="IF" condition="$HEADLESS == 'true'">
<kw name="Set Selenium Speed" library="SeleniumLibrary">
<arg>0</arg>
<doc>Sets the delay that is waited after each Selenium command.</doc>
<status status="NOT RUN" starttime="20241118 23:31:27.153" endtime="20241118 23:31:27.153"/>
</kw>
<kw name="Call Method" library="BuiltIn">
<arg>${options}</arg>
<arg>add_argument</arg>
<arg>--headless</arg>
<doc>Calls the named method of the given object with the provided arguments.</doc>
<status status="NOT RUN" starttime="20241118 23:31:27.153" endtime="20241118 23:31:27.153"/>
</kw>
<status status="NOT RUN" starttime="20241118 23:31:27.153" endtime="20241118 23:31:27.153"/>
</branch>
<branch type="ELSE">
<kw name="Set Selenium Speed" library="SeleniumLibrary">
<arg>${DELAY}</arg>
<doc>Sets the delay that is waited after each Selenium command.</doc>
<status status="PASS" starttime="20241118 23:31:27.153" endtime="20241118 23:31:27.153"/>
</kw>
<status status="PASS" starttime="20241118 23:31:27.153" endtime="20241118 23:31:27.153"/>
</branch>
<status status="PASS" starttime="20241118 23:31:27.153" endtime="20241118 23:31:27.153"/>
</if>
<kw name="Open Browser" library="SeleniumLibrary">
<arg>browser=${BROWSER}</arg>
<arg>options=${options}</arg>
<doc>Opens a new browser instance to the optional ``url``.</doc>
<msg timestamp="20241118 23:31:27.154" level="INFO">Opening browser 'chrome' to base url 'None'.</msg>
<status status="PASS" starttime="20241118 23:31:27.153" endtime="20241118 23:31:27.574"/>
</kw>
<status status="PASS" starttime="20241118 23:31:27.152" endtime="20241118 23:31:27.574"/>
</kw>
<test id="s1-s1-t1" name="Click Login Link" line="8">
<kw name="Reset Application And Go To Starting Page" type="SETUP">
<kw name="Reset Application" library="AppLibrary">
<status status="PASS" starttime="20241118 23:31:27.575" endtime="20241118 23:31:27.580"/>
</kw>
<kw name="Go To Starting Page" library="resource">
<kw name="Go To" library="SeleniumLibrary">
<arg>${HOME_URL}</arg>
<doc>Navigates the current browser window to the provided ``url``.</doc>
<msg timestamp="20241118 23:31:27.580" level="INFO">Opening url 'http://localhost:5001'</msg>
<status status="PASS" starttime="20241118 23:31:27.580" endtime="20241118 23:31:28.124"/>
</kw>
<status status="PASS" starttime="20241118 23:31:27.580" endtime="20241118 23:31:28.124"/>
</kw>
<status status="PASS" starttime="20241118 23:31:27.575" endtime="20241118 23:31:28.125"/>
</kw>
<kw name="Click Link" library="SeleniumLibrary">
<arg>Login</arg>
<doc>Clicks a link identified by ``locator``.</doc>
<msg timestamp="20241118 23:31:28.126" level="INFO">Clicking link 'Login'.</msg>
<status status="PASS" starttime="20241118 23:31:28.125" endtime="20241118 23:31:29.713"/>
</kw>
<kw name="Login Page Should Be Open" library="resource">
<kw name="Title Should Be" library="SeleniumLibrary">
<arg>Login</arg>
<doc>Verifies that the current page title equals ``title``.</doc>
<msg timestamp="20241118 23:31:30.221" level="INFO">Page title is 'Login'.</msg>
<status status="PASS" starttime="20241118 23:31:29.714" endtime="20241118 23:31:30.221"/>
</kw>
<status status="PASS" starttime="20241118 23:31:29.713" endtime="20241118 23:31:30.221"/>
</kw>
<status status="PASS" starttime="20241118 23:31:27.574" endtime="20241118 23:31:30.221"/>
</test>
<test id="s1-s1-t2" name="Click Register Link" line="12">
<kw name="Reset Application And Go To Starting Page" type="SETUP">
<kw name="Reset Application" library="AppLibrary">
<status status="PASS" starttime="20241118 23:31:30.223" endtime="20241118 23:31:30.226"/>
</kw>
<kw name="Go To Starting Page" library="resource">
<kw name="Go To" library="SeleniumLibrary">
<arg>${HOME_URL}</arg>
<doc>Navigates the current browser window to the provided ``url``.</doc>
<msg timestamp="20241118 23:31:30.226" level="INFO">Opening url 'http://localhost:5001'</msg>
<status status="PASS" starttime="20241118 23:31:30.226" endtime="20241118 23:31:30.748"/>
</kw>
<status status="PASS" starttime="20241118 23:31:30.226" endtime="20241118 23:31:30.748"/>
</kw>
<status status="PASS" starttime="20241118 23:31:30.222" endtime="20241118 23:31:30.749"/>
</kw>
<kw name="Click Link" library="SeleniumLibrary">
<arg>Register new user</arg>
<doc>Clicks a link identified by ``locator``.</doc>
<msg timestamp="20241118 23:31:30.749" level="INFO">Clicking link 'Register new user'.</msg>
<status status="PASS" starttime="20241118 23:31:30.749" endtime="20241118 23:31:32.316"/>
</kw>
<kw name="Register Page Should Be Open" library="resource">
<kw name="Title Should Be" library="SeleniumLibrary">
<arg>Register</arg>
<doc>Verifies that the current page title equals ``title``.</doc>
<msg timestamp="20241118 23:31:32.822" level="INFO">Page title is 'Register'.</msg>
<status status="PASS" starttime="20241118 23:31:32.317" endtime="20241118 23:31:32.822"/>
</kw>
<status status="PASS" starttime="20241118 23:31:32.316" endtime="20241118 23:31:32.822"/>
</kw>
<status status="PASS" starttime="20241118 23:31:30.222" endtime="20241118 23:31:32.823"/>
</test>
<kw name="Close Browser" library="SeleniumLibrary" type="TEARDOWN">
<doc>Closes the current browser.</doc>
<status status="PASS" starttime="20241118 23:31:32.823" endtime="20241118 23:31:33.402"/>
</kw>
<status status="PASS" starttime="20241118 23:31:27.044" endtime="20241118 23:31:33.402"/>
</suite>
<suite id="s1-s2" name="Login" source="/home/juha/ohtu2024/viikko3/web-login/src/tests/login.robot">
<kw name="Open And Configure Browser" library="resource" type="SETUP">
<if>
<branch type="IF" condition="$BROWSER == 'chrome'">
<kw name="Evaluate" library="BuiltIn">
<var>${options}</var>
<arg>sys.modules['selenium.webdriver'].ChromeOptions()</arg>
<arg>sys</arg>
<doc>Evaluates the given expression in Python and returns the result.</doc>
<msg timestamp="20241118 23:31:33.405" level="INFO">${options} = &lt;selenium.webdriver.chrome.options.Options object at 0x75be0c465130&gt;</msg>
<status status="PASS" starttime="20241118 23:31:33.405" endtime="20241118 23:31:33.405"/>
</kw>
<status status="PASS" starttime="20241118 23:31:33.404" endtime="20241118 23:31:33.405"/>
</branch>
<branch type="ELSE IF" condition="$BROWSER == 'firefox'">
<kw name="Evaluate" library="BuiltIn">
<var>${options}</var>
<arg>sys.modules['selenium.webdriver'].FirefoxOptions()</arg>
<arg>sys</arg>
<doc>Evaluates the given expression in Python and returns the result.</doc>
<status status="NOT RUN" starttime="20241118 23:31:33.405" endtime="20241118 23:31:33.405"/>
</kw>
<status status="NOT RUN" starttime="20241118 23:31:33.405" endtime="20241118 23:31:33.405"/>
</branch>
<status status="PASS" starttime="20241118 23:31:33.404" endtime="20241118 23:31:33.405"/>
</if>
<if>
<branch type="IF" condition="$HEADLESS == 'true'">
<kw name="Set Selenium Speed" library="SeleniumLibrary">
<arg>0</arg>
<doc>Sets the delay that is waited after each Selenium command.</doc>
<status status="NOT RUN" starttime="20241118 23:31:33.405" endtime="20241118 23:31:33.405"/>
</kw>
<kw name="Call Method" library="BuiltIn">
<arg>${options}</arg>
<arg>add_argument</arg>
<arg>--headless</arg>
<doc>Calls the named method of the given object with the provided arguments.</doc>
<status status="NOT RUN" starttime="20241118 23:31:33.405" endtime="20241118 23:31:33.405"/>
</kw>
<status status="NOT RUN" starttime="20241118 23:31:33.405" endtime="20241118 23:31:33.405"/>
</branch>
<branch type="ELSE">
<kw name="Set Selenium Speed" library="SeleniumLibrary">
<arg>${DELAY}</arg>
<doc>Sets the delay that is waited after each Selenium command.</doc>
<status status="PASS" starttime="20241118 23:31:33.405" endtime="20241118 23:31:33.405"/>
</kw>
<status status="PASS" starttime="20241118 23:31:33.405" endtime="20241118 23:31:33.405"/>
</branch>
<status status="PASS" starttime="20241118 23:31:33.405" endtime="20241118 23:31:33.405"/>
</if>
<kw name="Open Browser" library="SeleniumLibrary">
<arg>browser=${BROWSER}</arg>
<arg>options=${options}</arg>
<doc>Opens a new browser instance to the optional ``url``.</doc>
<msg timestamp="20241118 23:31:33.406" level="INFO">Opening browser 'chrome' to base url 'None'.</msg>
<status status="PASS" starttime="20241118 23:31:33.406" endtime="20241118 23:31:33.842"/>
</kw>
<status status="PASS" starttime="20241118 23:31:33.404" endtime="20241118 23:31:33.842"/>
</kw>
<test id="s1-s2-t1" name="Login With Correct Credentials" line="8">
<kw name="Reset Application Create User And Go To Login Page" type="SETUP">
<kw name="Reset Application" library="AppLibrary">
<status status="PASS" starttime="20241118 23:31:33.843" endtime="20241118 23:31:33.845"/>
</kw>
<kw name="Create User" library="AppLibrary">
<arg>kalle</arg>
<arg>kalle123</arg>
<status status="PASS" starttime="20241118 23:31:33.845" endtime="20241118 23:31:33.851"/>
</kw>
<kw name="Go To Login Page" library="resource">
<kw name="Go To" library="SeleniumLibrary">
<arg>${LOGIN_URL}</arg>
<doc>Navigates the current browser window to the provided ``url``.</doc>
<msg timestamp="20241118 23:31:33.851" level="INFO">Opening url 'http://localhost:5001/login'</msg>
<status status="PASS" starttime="20241118 23:31:33.851" endtime="20241118 23:31:34.410"/>
</kw>
<status status="PASS" starttime="20241118 23:31:33.851" endtime="20241118 23:31:34.410"/>
</kw>
<status status="PASS" starttime="20241118 23:31:33.843" endtime="20241118 23:31:34.410"/>
</kw>
<kw name="Set Username">
<arg>kalle</arg>
<kw name="Input Text" library="SeleniumLibrary">
<arg>username</arg>
<arg>${username}</arg>
<doc>Types the given ``text`` into the text field identified by ``locator``.</doc>
<msg timestamp="20241118 23:31:34.411" level="INFO">Typing text 'kalle' into text field 'username'.</msg>
<status status="PASS" starttime="20241118 23:31:34.411" endtime="20241118 23:31:35.997"/>
</kw>
<status status="PASS" starttime="20241118 23:31:34.411" endtime="20241118 23:31:35.998"/>
</kw>
<kw name="Set Password">
<arg>kalle123</arg>
<kw name="Input Password" library="SeleniumLibrary">
<arg>password</arg>
<arg>${password}</arg>
<doc>Types the given password into the text field identified by ``locator``.</doc>
<msg timestamp="20241118 23:31:35.999" level="INFO">Typing password into text field 'password'.</msg>
<msg timestamp="20241118 23:31:37.033" level="INFO">Temporally setting log level to: NONE</msg>
<msg timestamp="20241118 23:31:37.569" level="INFO">Log level changed from NONE to INFO.</msg>
<status status="PASS" starttime="20241118 23:31:35.999" endtime="20241118 23:31:37.569"/>
</kw>
<status status="PASS" starttime="20241118 23:31:35.998" endtime="20241118 23:31:37.569"/>
</kw>
<kw name="Submit Credentials">
<kw name="Click Button" library="SeleniumLibrary">
<arg>Login</arg>
<doc>Clicks the button identified by ``locator``.</doc>
<msg timestamp="20241118 23:31:37.570" level="INFO">Clicking button 'Login'.</msg>
<status status="PASS" starttime="20241118 23:31:37.570" endtime="20241118 23:31:39.660"/>
</kw>
<status status="PASS" starttime="20241118 23:31:37.570" endtime="20241118 23:31:39.660"/>
</kw>
<kw name="Login Should Succeed">
<kw name="Main Page Should Be Open" library="resource">
<kw name="Title Should Be" library="SeleniumLibrary">
<arg>Ohtu Application main page</arg>
<doc>Verifies that the current page title equals ``title``.</doc>
<msg timestamp="20241118 23:31:40.168" level="INFO">Page title is 'Ohtu Application main page'.</msg>
<status status="PASS" starttime="20241118 23:31:39.661" endtime="20241118 23:31:40.169"/>
</kw>
<status status="PASS" starttime="20241118 23:31:39.661" endtime="20241118 23:31:40.169"/>
</kw>
<status status="PASS" starttime="20241118 23:31:39.661" endtime="20241118 23:31:40.169"/>
</kw>
<status status="PASS" starttime="20241118 23:31:33.842" endtime="20241118 23:31:40.169"/>
</test>
<test id="s1-s2-t2" name="Login With Incorrect Password" line="14">
<kw name="Reset Application Create User And Go To Login Page" type="SETUP">
<kw name="Reset Application" library="AppLibrary">
<status status="PASS" starttime="20241118 23:31:40.170" endtime="20241118 23:31:40.173"/>
</kw>
<kw name="Create User" library="AppLibrary">
<arg>kalle</arg>
<arg>kalle123</arg>
<status status="PASS" starttime="20241118 23:31:40.173" endtime="20241118 23:31:40.179"/>
</kw>
<kw name="Go To Login Page" library="resource">
<kw name="Go To" library="SeleniumLibrary">
<arg>${LOGIN_URL}</arg>
<doc>Navigates the current browser window to the provided ``url``.</doc>
<msg timestamp="20241118 23:31:40.179" level="INFO">Opening url 'http://localhost:5001/login'</msg>
<status status="PASS" starttime="20241118 23:31:40.179" endtime="20241118 23:31:40.698"/>
</kw>
<status status="PASS" starttime="20241118 23:31:40.179" endtime="20241118 23:31:40.698"/>
</kw>
<status status="PASS" starttime="20241118 23:31:40.170" endtime="20241118 23:31:40.698"/>
</kw>
<kw name="Set Username">
<arg>kalle</arg>
<kw name="Input Text" library="SeleniumLibrary">
<arg>username</arg>
<arg>${username}</arg>
<doc>Types the given ``text`` into the text field identified by ``locator``.</doc>
<msg timestamp="20241118 23:31:40.699" level="INFO">Typing text 'kalle' into text field 'username'.</msg>
<status status="PASS" starttime="20241118 23:31:40.699" endtime="20241118 23:31:42.265"/>
</kw>
<status status="PASS" starttime="20241118 23:31:40.698" endtime="20241118 23:31:42.265"/>
</kw>
<kw name="Set Password">
<arg>kalle456</arg>
<kw name="Input Password" library="SeleniumLibrary">
<arg>password</arg>
<arg>${password}</arg>
<doc>Types the given password into the text field identified by ``locator``.</doc>
<msg timestamp="20241118 23:31:42.266" level="INFO">Typing password into text field 'password'.</msg>
<msg timestamp="20241118 23:31:43.302" level="INFO">Temporally setting log level to: NONE</msg>
<msg timestamp="20241118 23:31:43.838" level="INFO">Log level changed from NONE to INFO.</msg>
<status status="PASS" starttime="20241118 23:31:42.266" endtime="20241118 23:31:43.838"/>
</kw>
<status status="PASS" starttime="20241118 23:31:42.265" endtime="20241118 23:31:43.838"/>
</kw>
<kw name="Submit Credentials">
<kw name="Click Button" library="SeleniumLibrary">
<arg>Login</arg>
<doc>Clicks the button identified by ``locator``.</doc>
<msg timestamp="20241118 23:31:43.839" level="INFO">Clicking button 'Login'.</msg>
<status status="PASS" starttime="20241118 23:31:43.838" endtime="20241118 23:31:45.907"/>
</kw>
<status status="PASS" starttime="20241118 23:31:43.838" endtime="20241118 23:31:45.907"/>
</kw>
<kw name="Login Should Fail With Message">
<arg>Invalid username or password</arg>
<kw name="Login Page Should Be Open" library="resource">
<kw name="Title Should Be" library="SeleniumLibrary">
<arg>Login</arg>
<doc>Verifies that the current page title equals ``title``.</doc>
<msg timestamp="20241118 23:31:46.414" level="INFO">Page title is 'Login'.</msg>
<status status="PASS" starttime="20241118 23:31:45.908" endtime="20241118 23:31:46.414"/>
</kw>
<status status="PASS" starttime="20241118 23:31:45.908" endtime="20241118 23:31:46.414"/>
</kw>
<kw name="Page Should Contain" library="SeleniumLibrary">
<arg>${message}</arg>
<doc>Verifies that current page contains ``text``.</doc>
<msg timestamp="20241118 23:31:47.431" level="INFO">Current page contains text 'Invalid username or password'.</msg>
<status status="PASS" starttime="20241118 23:31:46.414" endtime="20241118 23:31:47.431"/>
</kw>
<status status="PASS" starttime="20241118 23:31:45.907" endtime="20241118 23:31:47.431"/>
</kw>
<status status="PASS" starttime="20241118 23:31:40.170" endtime="20241118 23:31:47.432"/>
</test>
<test id="s1-s2-t3" name="Login With Nonexistent Username" line="20">
<kw name="Reset Application Create User And Go To Login Page" type="SETUP">
<kw name="Reset Application" library="AppLibrary">
<status status="PASS" starttime="20241118 23:31:47.433" endtime="20241118 23:31:47.436"/>
</kw>
<kw name="Create User" library="AppLibrary">
<arg>kalle</arg>
<arg>kalle123</arg>
<status status="PASS" starttime="20241118 23:31:47.436" endtime="20241118 23:31:47.442"/>
</kw>
<kw name="Go To Login Page" library="resource">
<kw name="Go To" library="SeleniumLibrary">
<arg>${LOGIN_URL}</arg>
<doc>Navigates the current browser window to the provided ``url``.</doc>
<msg timestamp="20241118 23:31:47.443" level="INFO">Opening url 'http://localhost:5001/login'</msg>
<status status="PASS" starttime="20241118 23:31:47.442" endtime="20241118 23:31:47.958"/>
</kw>
<status status="PASS" starttime="20241118 23:31:47.442" endtime="20241118 23:31:47.958"/>
</kw>
<status status="PASS" starttime="20241118 23:31:47.433" endtime="20241118 23:31:47.958"/>
</kw>
<kw name="Set Username">
<arg>k</arg>
<kw name="Input Text" library="SeleniumLibrary">
<arg>username</arg>
<arg>${username}</arg>
<doc>Types the given ``text`` into the text field identified by ``locator``.</doc>
<msg timestamp="20241118 23:31:47.959" level="INFO">Typing text 'k' into text field 'username'.</msg>
<status status="PASS" starttime="20241118 23:31:47.958" endtime="20241118 23:31:49.523"/>
</kw>
<status status="PASS" starttime="20241118 23:31:47.958" endtime="20241118 23:31:49.524"/>
</kw>
<kw name="Set Password">
<arg>kalle456</arg>
<kw name="Input Password" library="SeleniumLibrary">
<arg>password</arg>
<arg>${password}</arg>
<doc>Types the given password into the text field identified by ``locator``.</doc>
<msg timestamp="20241118 23:31:49.525" level="INFO">Typing password into text field 'password'.</msg>
<msg timestamp="20241118 23:31:50.555" level="INFO">Temporally setting log level to: NONE</msg>
<msg timestamp="20241118 23:31:51.092" level="INFO">Log level changed from NONE to INFO.</msg>
<status status="PASS" starttime="20241118 23:31:49.524" endtime="20241118 23:31:51.092"/>
</kw>
<status status="PASS" starttime="20241118 23:31:49.524" endtime="20241118 23:31:51.092"/>
</kw>
<kw name="Submit Credentials">
<kw name="Click Button" library="SeleniumLibrary">
<arg>Login</arg>
<doc>Clicks the button identified by ``locator``.</doc>
<msg timestamp="20241118 23:31:51.093" level="INFO">Clicking button 'Login'.</msg>
<status status="PASS" starttime="20241118 23:31:51.093" endtime="20241118 23:31:53.167"/>
</kw>
<status status="PASS" starttime="20241118 23:31:51.093" endtime="20241118 23:31:53.167"/>
</kw>
<kw name="Login Should Fail With Message">
<arg>Invalid username or password</arg>
<kw name="Login Page Should Be Open" library="resource">
<kw name="Title Should Be" library="SeleniumLibrary">
<arg>Login</arg>
<doc>Verifies that the current page title equals ``title``.</doc>
<msg timestamp="20241118 23:31:53.675" level="INFO">Page title is 'Login'.</msg>
<status status="PASS" starttime="20241118 23:31:53.168" endtime="20241118 23:31:53.675"/>
</kw>
<status status="PASS" starttime="20241118 23:31:53.168" endtime="20241118 23:31:53.675"/>
</kw>
<kw name="Page Should Contain" library="SeleniumLibrary">
<arg>${message}</arg>
<doc>Verifies that current page contains ``text``.</doc>
<msg timestamp="20241118 23:31:54.689" level="INFO">Current page contains text 'Invalid username or password'.</msg>
<status status="PASS" starttime="20241118 23:31:53.675" endtime="20241118 23:31:54.689"/>
</kw>
<status status="PASS" starttime="20241118 23:31:53.167" endtime="20241118 23:31:54.689"/>
</kw>
<status status="PASS" starttime="20241118 23:31:47.432" endtime="20241118 23:31:54.689"/>
</test>
<kw name="Close Browser" library="SeleniumLibrary" type="TEARDOWN">
<doc>Closes the current browser.</doc>
<status status="PASS" starttime="20241118 23:31:54.690" endtime="20241118 23:31:55.247"/>
</kw>
<status status="PASS" starttime="20241118 23:31:33.403" endtime="20241118 23:31:55.248"/>
</suite>
<status status="PASS" starttime="20241118 23:31:27.031" endtime="20241118 23:31:55.249"/>
</suite>
<statistics>
<total>
<stat pass="5" fail="0" skip="0">All Tests</stat>
</total>
<tag>
</tag>
<suite>
<stat pass="5" fail="0" skip="0" id="s1" name="Tests">Tests</stat>
<stat pass="2" fail="0" skip="0" id="s1-s1" name="Home">Tests.Home</stat>
<stat pass="3" fail="0" skip="0" id="s1-s2" name="Login">Tests.Login</stat>
</suite>
</statistics>
<errors>
</errors>
</robot>
